Processing esp32s3 (platform: espressif32; board: esp32-s3-devkitc-1; framework: arduino)
--------------------------------------------------------------------------------
Verbose mode can be enabled via `-v, --verbose` option
CONFIGURATION: https://docs.platformio.org/page/boards/espressif32/esp32-s3-devkitc-1.html
PLATFORM: Espressif 32 (6.12.0) > Espressif ESP32-S3-DevKitC-1-N8 (8 MB QD, No PSRAM)
HARDWARE: ESP32S3 240MHz, 320KB RAM, 8MB Flash
DEBUG: Current (esp-builtin) On-board (esp-builtin) External (cmsis-dap, esp-bridge, esp-prog, iot-bus-jtag, jlink, minimodule, olimex-arm-usb-ocd, olimex-arm-usb-ocd-h, olimex-arm-usb-tiny-h, olimex-jtag-tiny, tumpa)
PACKAGES: 
 - framework-arduinoespressif32 @ 3.20017.241212+sha.dcc1105b 
 - tool-esptoolpy @ 2.40900.250804 (4.9.0) 
 - tool-mkfatfs @ 2.0.1 
 - tool-mklittlefs @ 1.203.210628 (2.3) 
 - tool-mkspiffs @ 2.230.0 (2.30) 
 - toolchain-riscv32-esp @ 8.4.0+2021r2-patch5 
 - toolchain-xtensa-esp32s3 @ 8.4.0+2021r2-patch5
LDF: Library Dependency Finder -> https://bit.ly/configure-pio-ldf
LDF Modes: Finder ~ chain, Compatibility ~ soft
Found 34 compatible libraries
Scanning dependencies...
Dependency Graph
|-- DFRobot_BMI160
|-- WiFi @ 2.0.0
|-- Wire @ 2.0.0
Building in release mode
Retrieving maximum program size .pio\build\esp32s3\firmware.elf
Checking size .pio\build\esp32s3\firmware.elf
Advanced Memory Usage is available via "PlatformIO Home > Project Inspect"
RAM:   [=         ]  13.3% (used 43660 bytes from 327680 bytes)
Flash: [=====     ]  53.1% (used 695353 bytes from 1310720 bytes)
Configuring upload protocol...
AVAILABLE: cmsis-dap, esp-bridge, esp-builtin, esp-prog, espota, esptool, iot-bus-jtag, jlink, minimodule, olimex-arm-usb-ocd, olimex-arm-usb-ocd-h, olimex-arm-usb-tiny-h, olimex-jtag-tiny, tumpa
CURRENT: upload_protocol = esptool
Looking for upload port...
Using manually specified: COM12
Uploading .pio\build\esp32s3\firmware.bin
esptool.py v4.9.0
Serial port COM12
Connecting...
Chip is ESP32-S3 (QFN56) (revision v0.2)
Features: WiFi, BLE, Embedded Flash 4MB (XMC), Embedded PSRAM 2MB (AP_3v3)
Crystal is 40MHz
USB mode: USB-Serial/JTAG
MAC: d0:cf:13:08:38:54
Uploading stub...
Running stub...
Stub running...
Changing baud rate to 460800
Changed.
Configuring flash size...
Flash will be erased from 0x00000000 to 0x00003fff...
Flash will be erased from 0x00008000 to 0x00008fff...
Flash will be erased from 0x0000e000 to 0x0000ffff...
Flash will be erased from 0x00010000 to 0x000b9fff...
SHA digest in image updated
Compressed 15104 bytes to 10430...
Writing at 0x00000000... (100 %)
Wrote 15104 bytes (10430 compressed) at 0x00000000 in 0.2 seconds (effective 523.4 kbit/s)...
Hash of data verified.
Compressed 3072 bytes to 146...
Writing at 0x00008000... (100 %)
Wrote 3072 bytes (146 compressed) at 0x00008000 in 0.0 seconds (effective 572.6 kbit/s)...
Hash of data verified.
Compressed 8192 bytes to 47...
Writing at 0x0000e000... (100 %)
Wrote 8192 bytes (47 compressed) at 0x0000e000 in 0.1 seconds (effective 792.4 kbit/s)...
Hash of data verified.
Compressed 695712 bytes to 453988...
Writing at 0x00010000... (3 %)
Writing at 0x0001c600... (7 %)
Writing at 0x0002810e... (10 %)
Writing at 0x000317a0... (14 %)
Writing at 0x0003701b... (17 %)
Writing at 0x0003cb71... (21 %)
Writing at 0x0004217a... (25 %)
Writing at 0x00047277... (28 %)
Writing at 0x0004c33d... (32 %)
Writing at 0x000511d6... (35 %)
Writing at 0x000561ed... (39 %)
Writing at 0x0005af60... (42 %)
Writing at 0x000603d4... (46 %)
Writing at 0x000654a8... (50 %)
Writing at 0x0006aeac... (53 %)
Writing at 0x0007023b... (57 %)
Writing at 0x00075048... (60 %)
Writing at 0x0007a14b... (64 %)
Writing at 0x0007f231... (67 %)
Writing at 0x0008455b... (71 %)
Writing at 0x0008990b... (75 %)
Writing at 0x0008f811... (78 %)
Writing at 0x00094c3a... (82 %)
Writing at 0x0009ae7b... (85 %)
Writing at 0x000a5379... (89 %)
Writing at 0x000aa80f... (92 %)
Writing at 0x000b01f9... (96 %)
Writing at 0x000b57fd... (100 %)
Wrote 695712 bytes (453988 compressed) at 0x00010000 in 6.1 seconds (effective 905.3 kbit/s)...
Hash of data verified.

Leaving...
Hard resetting via RTS pin...
========================= [SUCCESS] Took 13.04 seconds =========================
